<html>
<head>
<title>TestNG:  Test the TESTNG things(failed)</title>
<link href="../testng.css" rel="stylesheet" type="text/css" />
<link href="../my-testng.css" rel="stylesheet" type="text/css" />

<style type="text/css">
.log { display: none;} 
.stack-trace { display: none;} 
</style>
<script type="text/javascript">
<!--
function flip(e) {
  current = e.style.display;
  if (current == 'block') {
    e.style.display = 'none';
    return 0;
  }
  else {
    e.style.display = 'block';
    return 1;
  }
}

function toggleBox(szDivId, elem, msg1, msg2)
{
  var res = -1;  if (document.getElementById) {
    res = flip(document.getElementById(szDivId));
  }
  else if (document.all) {
    // this is the way old msie versions work
    res = flip(document.all[szDivId]);
  }
  if(elem) {
    if(res == 0) elem.innerHTML = msg1; else elem.innerHTML = msg2;
  }

}

function toggleAllBoxes() {
  if (document.getElementsByTagName) {
    d = document.getElementsByTagName('div');
    for (i = 0; i < d.length; i++) {
      if (d[i].className == 'log') {
        flip(d[i]);
      }
    }
  }
}

// -->
</script>

</head>
<body>
<h2 align='center'>Test the TESTNG things(failed)</h2><table border='1' align="center">
<tr>
<td>Tests passed/Failed/Skipped:</td><td>20/0/0</td>
</tr><tr>
<td>Started on:</td><td>Tue Sep 08 09:09:19 IST 2020</td>
</tr>
<tr><td>Total time:</td><td>33 seconds (33106 ms)</td>
</tr><tr>
<td>Included groups:</td><td></td>
</tr><tr>
<td>Excluded groups:</td><td></td>
</tr>
</table><p/>
<small><i>(Hover the method name to see the test class name)</i></small><p/>
<table width='100%' border='1' class='invocation-failed'>
<tr><td colspan='4' align='center'><b>FAILED CONFIGURATIONS</b></td></tr>
<tr><td><b>Test method</b></td>
<td width="30%"><b>Exception</b></td>
<td width="10%"><b>Time (seconds)</b></td>
<td><b>Instance</b></td>
</tr>
<tr>
<td title='com.test.LoginTest.afterClass()'><b>afterClass</b><br>Test class: com.test.LoginTest</td>
<td><div><pre>org.openqa.selenium.NoSuchSessionException: invalid session id
Build info: version: &apos;3.141.59&apos;, revision: &apos;e82be7d358&apos;, time: &apos;2018-11-14T08:17:03&apos;
System info: host: &apos;venkat&apos;, ip: &apos;127.0.1.1&apos;, os.name: &apos;Linux&apos;, os.arch: &apos;amd64&apos;, os.version: &apos;5.3.0-53-generic&apos;, java.version: &apos;1.8.0_241&apos;
Driver info: org.openqa.selenium.chrome.ChromeDriver
Capabilities {acceptInsecureCerts: false, browserName: chrome, browserVersion: 85.0.4183.83, chrome: {chromedriverVersion: 85.0.4183.87 (cd6713ebf92fa..., userDataDir: /tmp/.com.google.Chrome.r0HMTx}, goog:chromeOptions: {debuggerAddress: localhost:18447}, javascriptEnabled: true, networkConnectionEnabled: false, pageLoadStrategy: normal, platform: LINUX, platformName: LINUX, proxy: Proxy(), setWindowRect: true, strictFileInteractability: false, timeouts: {implicit: 0, pageLoad: 300000, script: 30000}, unhandledPromptBehavior: dismiss and notify, webauthn:virtualAuthenticators: true}
Session ID: 278c25d36d436a58c6d78d1921ffe4ff
	at sun.reflect.NativeConstructorAccessorImpl.newInstance0(Native Method)
	at sun.reflect.NativeConstructorAccessorImpl.newInstance(NativeConstructorAccessorImpl.java:62)
	at sun.reflect.DelegatingConstructorAccessorImpl.newInstance(DelegatingConstructorAccessorImpl.java:45)
	at java.lang.reflect.Constructor.newInstance(Constructor.java:423)
	at org.openqa.selenium.remote.http.W3CHttpResponseCodec.createException(W3CHttpResponseCodec.java:187)
	at org.openqa.selenium.remote.http.W3CHttpResponseCodec.decode(W3CHttpResponseCodec.java:122)
	at org.openqa.selenium.remote.http.W3CHttpResponseCodec.decode(W3CHttpResponseCodec.java:49)
	at org.openqa.selenium.remote.HttpCommandExecutor.execute(HttpCommandExecutor.java:158)
	at org.openqa.selenium.remote.service.DriverCommandExecutor.execute(DriverCommandExecutor.java:83)
	at org.openqa.selenium.remote.RemoteWebDriver.execute(RemoteWebDriver.java:552)
	at org.openqa.selenium.remote.RemoteWebDriver.execute(RemoteWebDriver.java:609)
	at org.openqa.selenium.remote.RemoteWebDriver.close(RemoteWebDriver.java:442)
	at com.test.BaseTest.tearDown(BaseTest.java:202)
	at com.test.BaseTest.afterClass(BaseTest.java:146)
	at sun.reflect.NativeMethodAccessorImpl.invoke0(Native Method)
	at sun.reflect.NativeMethodAccessorImpl.invoke(NativeMethodAccessorImpl.java:62)
	at sun.reflect.DelegatingMethodAccessorImpl.invoke(DelegatingMethodAccessorImpl.java:43)
	at java.lang.reflect.Method.invoke(Method.java:498)
	at org.testng.internal.MethodInvocationHelper.invokeMethod(MethodInvocationHelper.java:133)
	at org.testng.internal.MethodInvocationHelper.invokeMethodConsideringTimeout(MethodInvocationHelper.java:62)
	at org.testng.internal.ConfigInvoker.invokeConfigurationMethod(ConfigInvoker.java:340)
	at org.testng.internal.ConfigInvoker.invokeConfigurations(ConfigInvoker.java:294)
	at org.testng.internal.TestMethodWorker.invokeAfterClassMethods(TestMethodWorker.java:217)
	at org.testng.internal.TestMethodWorker.run(TestMethodWorker.java:130)
	at java.util.ArrayList.forEach(ArrayList.java:1257)
	at org.testng.TestRunner.privateRun(TestRunner.java:770)
	at org.testng.TestRunner.run(TestRunner.java:591)
	at org.testng.SuiteRunner.runTest(SuiteRunner.java:402)
	at org.testng.SuiteRunner.runSequentially(SuiteRunner.java:396)
	at org.testng.SuiteRunner.privateRun(SuiteRunner.java:355)
	at org.testng.SuiteRunner.run(SuiteRunner.java:304)
	at org.testng.SuiteRunnerWorker.runSuite(SuiteRunnerWorker.java:53)
	at org.testng.SuiteRunnerWorker.run(SuiteRunnerWorker.java:96)
	at org.testng.TestNG.runSuitesSequentially(TestNG.java:1180)
	at org.testng.TestNG.runSuitesLocally(TestNG.java:1102)
	at org.testng.TestNG.runSuites(TestNG.java:1032)
	at org.testng.TestNG.run(TestNG.java:1000)
	at org.testng.remote.AbstractRemoteTestNG.run(AbstractRemoteTestNG.java:115)
	at org.testng.remote.RemoteTestNG.initAndRun(RemoteTestNG.java:251)
	at org.testng.remote.RemoteTestNG.main(RemoteTestNG.java:77)
</pre></div><a href='#' onClick='toggleBox("stack-trace176342513", this, "Click to show all stack frames", "Click to hide stack frames")'>Click to show all stack frames</a>
<div class='stack-trace' id='stack-trace176342513'><pre>org.openqa.selenium.NoSuchSessionException: invalid session id
Build info: version: &apos;3.141.59&apos;, revision: &apos;e82be7d358&apos;, time: &apos;2018-11-14T08:17:03&apos;
System info: host: &apos;venkat&apos;, ip: &apos;127.0.1.1&apos;, os.name: &apos;Linux&apos;, os.arch: &apos;amd64&apos;, os.version: &apos;5.3.0-53-generic&apos;, java.version: &apos;1.8.0_241&apos;
Driver info: org.openqa.selenium.chrome.ChromeDriver
Capabilities {acceptInsecureCerts: false, browserName: chrome, browserVersion: 85.0.4183.83, chrome: {chromedriverVersion: 85.0.4183.87 (cd6713ebf92fa..., userDataDir: /tmp/.com.google.Chrome.r0HMTx}, goog:chromeOptions: {debuggerAddress: localhost:18447}, javascriptEnabled: true, networkConnectionEnabled: false, pageLoadStrategy: normal, platform: LINUX, platformName: LINUX, proxy: Proxy(), setWindowRect: true, strictFileInteractability: false, timeouts: {implicit: 0, pageLoad: 300000, script: 30000}, unhandledPromptBehavior: dismiss and notify, webauthn:virtualAuthenticators: true}
Session ID: 278c25d36d436a58c6d78d1921ffe4ff
	at sun.reflect.NativeConstructorAccessorImpl.newInstance0(Native Method)
	at sun.reflect.NativeConstructorAccessorImpl.newInstance(NativeConstructorAccessorImpl.java:62)
	at sun.reflect.DelegatingConstructorAccessorImpl.newInstance(DelegatingConstructorAccessorImpl.java:45)
	at java.lang.reflect.Constructor.newInstance(Constructor.java:423)
	at org.openqa.selenium.remote.http.W3CHttpResponseCodec.createException(W3CHttpResponseCodec.java:187)
	at org.openqa.selenium.remote.http.W3CHttpResponseCodec.decode(W3CHttpResponseCodec.java:122)
	at org.openqa.selenium.remote.http.W3CHttpResponseCodec.decode(W3CHttpResponseCodec.java:49)
	at org.openqa.selenium.remote.HttpCommandExecutor.execute(HttpCommandExecutor.java:158)
	at org.openqa.selenium.remote.service.DriverCommandExecutor.execute(DriverCommandExecutor.java:83)
	at org.openqa.selenium.remote.RemoteWebDriver.execute(RemoteWebDriver.java:552)
	at org.openqa.selenium.remote.RemoteWebDriver.execute(RemoteWebDriver.java:609)
	at org.openqa.selenium.remote.RemoteWebDriver.close(RemoteWebDriver.java:442)
	at com.test.BaseTest.tearDown(BaseTest.java:202)
	at com.test.BaseTest.afterClass(BaseTest.java:146)
	at sun.reflect.NativeMethodAccessorImpl.invoke0(Native Method)
	at sun.reflect.NativeMethodAccessorImpl.invoke(NativeMethodAccessorImpl.java:62)
	at sun.reflect.DelegatingMethodAccessorImpl.invoke(DelegatingMethodAccessorImpl.java:43)
	at java.lang.reflect.Method.invoke(Method.java:498)
	at org.testng.internal.MethodInvocationHelper.invokeMethod(MethodInvocationHelper.java:133)
	at org.testng.internal.MethodInvocationHelper.invokeMethodConsideringTimeout(MethodInvocationHelper.java:62)
	at org.testng.internal.ConfigInvoker.invokeConfigurationMethod(ConfigInvoker.java:340)
	at org.testng.internal.ConfigInvoker.invokeConfigurations(ConfigInvoker.java:294)
	at org.testng.internal.TestMethodWorker.invokeAfterClassMethods(TestMethodWorker.java:217)
	at org.testng.internal.TestMethodWorker.run(TestMethodWorker.java:130)
	at java.util.ArrayList.forEach(ArrayList.java:1257)
	at org.testng.TestRunner.privateRun(TestRunner.java:770)
	at org.testng.TestRunner.run(TestRunner.java:591)
	at org.testng.SuiteRunner.runTest(SuiteRunner.java:402)
	at org.testng.SuiteRunner.runSequentially(SuiteRunner.java:396)
	at org.testng.SuiteRunner.privateRun(SuiteRunner.java:355)
	at org.testng.SuiteRunner.run(SuiteRunner.java:304)
	at org.testng.SuiteRunnerWorker.runSuite(SuiteRunnerWorker.java:53)
	at org.testng.SuiteRunnerWorker.run(SuiteRunnerWorker.java:96)
	at org.testng.TestNG.runSuitesSequentially(TestNG.java:1180)
	at org.testng.TestNG.runSuitesLocally(TestNG.java:1102)
	at org.testng.TestNG.runSuites(TestNG.java:1032)
	at org.testng.TestNG.run(TestNG.java:1000)
	at org.testng.remote.AbstractRemoteTestNG.run(AbstractRemoteTestNG.java:115)
	at org.testng.remote.RemoteTestNG.initAndRun(RemoteTestNG.java:251)
	at org.testng.remote.RemoteTestNG.main(RemoteTestNG.java:77)
</pre></div></td>
<td>5</td>
<td>com.test.LoginTest@2a17b7b6</td></tr>
</table><p>
<table width='100%' border='1' class='invocation-passed'>
<tr><td colspan='4' align='center'><b>PASSED TESTS</b></td></tr>
<tr><td><b>Test method</b></td>
<td width="30%"><b>Exception</b></td>
<td width="10%"><b>Time (seconds)</b></td>
<td><b>Instance</b></td>
</tr>
<tr>
<td title='com.test.LoginTest.test001()'><b>test001</b><br>Test class: com.test.LoginTest</td>
<td></td>
<td>4</td>
<td>com.test.LoginTest@2a17b7b6</td></tr>
<tr>
<td title='com.TESTNG.TestNgPra.test011()'><b>test011</b><br>Test class: com.TESTNG.TestNgPra</td>
<td></td>
<td>0</td>
<td>com.TESTNG.TestNgPra@4f063c0a</td></tr>
<tr>
<td title='com.TESTNG.TestNgPra.test012()'><b>test012</b><br>Test class: com.TESTNG.TestNgPra</td>
<td></td>
<td>0</td>
<td>com.TESTNG.TestNgPra@4f063c0a</td></tr>
<tr>
<td title='com.TESTNG.TestNgPra.test013()'><b>test013</b><br>Test class: com.TESTNG.TestNgPra</td>
<td></td>
<td>0</td>
<td>com.TESTNG.TestNgPra@4f063c0a</td></tr>
<tr>
<td title='com.TESTNG.TestNgPra.test014()'><b>test014</b><br>Test class: com.TESTNG.TestNgPra</td>
<td></td>
<td>0</td>
<td>com.TESTNG.TestNgPra@4f063c0a</td></tr>
<tr>
<td title='com.TESTNG.TestNgPra.test015()'><b>test015</b><br>Test class: com.TESTNG.TestNgPra</td>
<td></td>
<td>0</td>
<td>com.TESTNG.TestNgPra@4f063c0a</td></tr>
<tr>
<td title='com.TESTNG.TestNgPra.test016()'><b>test016</b><br>Test class: com.TESTNG.TestNgPra</td>
<td></td>
<td>0</td>
<td>com.TESTNG.TestNgPra@4f063c0a</td></tr>
<tr>
<td title='com.TESTNG.TestNgPra.test017()'><b>test017</b><br>Test class: com.TESTNG.TestNgPra</td>
<td></td>
<td>0</td>
<td>com.TESTNG.TestNgPra@4f063c0a</td></tr>
<tr>
<td title='com.TESTNG.TestNgPra.test018()'><b>test018</b><br>Test class: com.TESTNG.TestNgPra</td>
<td></td>
<td>0</td>
<td>com.TESTNG.TestNgPra@4f063c0a</td></tr>
<tr>
<td title='com.TESTNG.TestNgPra.test019()'><b>test019</b><br>Test class: com.TESTNG.TestNgPra</td>
<td></td>
<td>0</td>
<td>com.TESTNG.TestNgPra@4f063c0a</td></tr>
<tr>
<td title='com.TESTNG.TestNgPra.test020()'><b>test020</b><br>Test class: com.TESTNG.TestNgPra</td>
<td></td>
<td>0</td>
<td>com.TESTNG.TestNgPra@4f063c0a</td></tr>
<tr>
<td title='com.TESTNG.TestNgPra.test022()'><b>test022</b><br>Test class: com.TESTNG.TestNgPra</td>
<td></td>
<td>0</td>
<td>com.TESTNG.TestNgPra@4f063c0a</td></tr>
<tr>
<td title='com.TESTNG.TestNgPra.test023()'><b>test023</b><br>Test class: com.TESTNG.TestNgPra</td>
<td></td>
<td>0</td>
<td>com.TESTNG.TestNgPra@4f063c0a</td></tr>
<tr>
<td title='com.TESTNG.TestNgPra.test024()'><b>test024</b><br>Test class: com.TESTNG.TestNgPra</td>
<td></td>
<td>0</td>
<td>com.TESTNG.TestNgPra@4f063c0a</td></tr>
<tr>
<td title='com.TESTNG.TestNgPra.test025()'><b>test025</b><br>Test class: com.TESTNG.TestNgPra</td>
<td></td>
<td>0</td>
<td>com.TESTNG.TestNgPra@4f063c0a</td></tr>
<tr>
<td title='com.TESTNG.TestNgPra.test026()'><b>test026</b><br>Test class: com.TESTNG.TestNgPra</td>
<td></td>
<td>0</td>
<td>com.TESTNG.TestNgPra@4f063c0a</td></tr>
<tr>
<td title='com.TESTNG.TestNgPra.test027()'><b>test027</b><br>Test class: com.TESTNG.TestNgPra</td>
<td></td>
<td>0</td>
<td>com.TESTNG.TestNgPra@4f063c0a</td></tr>
<tr>
<td title='com.TESTNG.TestNgPra.test028()'><b>test028</b><br>Test class: com.TESTNG.TestNgPra</td>
<td></td>
<td>0</td>
<td>com.TESTNG.TestNgPra@4f063c0a</td></tr>
<tr>
<td title='com.TESTNG.TestNgPra.test029()'><b>test029</b><br>Test class: com.TESTNG.TestNgPra</td>
<td></td>
<td>0</td>
<td>com.TESTNG.TestNgPra@4f063c0a</td></tr>
<tr>
<td title='com.TESTNG.TestNgPra.test030()'><b>test030</b><br>Test class: com.TESTNG.TestNgPra</td>
<td></td>
<td>0</td>
<td>com.TESTNG.TestNgPra@4f063c0a</td></tr>
</table><p>
</body>
</html>