<?xml version="1.0" encoding="UTF-8"?>
<!-- Generated by org.testng.reporters.JUnitXMLReporter -->
<testsuite hostname="venkat" ignored="10" name="Test the TESTNG things(failed)" tests="20" failures="0" timestamp="2020-09-08T09:09:52 IST" time="33.106" errors="0">
  <testcase name="@AfterClass afterClass" time="5.027" classname="com.test.BaseTest">
    <failure type="org.openqa.selenium.NoSuchSessionException" message="invalid session id
Build info: version: &amp;apos;3.141.59&amp;apos;, revision: &amp;apos;e82be7d358&amp;apos;, time: &amp;apos;2018-11-14T08:17:03&amp;apos;
System info: host: &amp;apos;venkat&amp;apos;, ip: &amp;apos;127.0.1.1&amp;apos;, os.name: &amp;apos;Linux&amp;apos;, os.arch: &amp;apos;amd64&amp;apos;, os.version: &amp;apos;5.3.0-53-generic&amp;apos;, java.version: &amp;apos;1.8.0_241&amp;apos;
Driver info: org.openqa.selenium.chrome.ChromeDriver
Capabilities {acceptInsecureCerts: false, browserName: chrome, browserVersion: 85.0.4183.83, chrome: {chromedriverVersion: 85.0.4183.87 (cd6713ebf92fa..., userDataDir: /tmp/.com.google.Chrome.r0HMTx}, goog:chromeOptions: {debuggerAddress: localhost:18447}, javascriptEnabled: true, networkConnectionEnabled: false, pageLoadStrategy: normal, platform: LINUX, platformName: LINUX, proxy: Proxy(), setWindowRect: true, strictFileInteractability: false, timeouts: {implicit: 0, pageLoad: 300000, script: 30000}, unhandledPromptBehavior: dismiss and notify, webauthn:virtualAuthenticators: true}
Session ID: 278c25d36d436a58c6d78d1921ffe4ff">
      <![CDATA[org.openqa.selenium.NoSuchSessionException: invalid session id
Build info: version: '3.141.59', revision: 'e82be7d358', time: '2018-11-14T08:17:03'
System info: host: 'venkat', ip: '127.0.1.1', os.name: 'Linux', os.arch: 'amd64', os.version: '5.3.0-53-generic', java.version: '1.8.0_241'
Driver info: org.openqa.selenium.chrome.ChromeDriver
Capabilities {acceptInsecureCerts: false, browserName: chrome, browserVersion: 85.0.4183.83, chrome: {chromedriverVersion: 85.0.4183.87 (cd6713ebf92fa..., userDataDir: /tmp/.com.google.Chrome.r0HMTx}, goog:chromeOptions: {debuggerAddress: localhost:18447}, javascriptEnabled: true, networkConnectionEnabled: false, pageLoadStrategy: normal, platform: LINUX, platformName: LINUX, proxy: Proxy(), setWindowRect: true, strictFileInteractability: false, timeouts: {implicit: 0, pageLoad: 300000, script: 30000}, unhandledPromptBehavior: dismiss and notify, webauthn:virtualAuthenticators: true}
Session ID: 278c25d36d436a58c6d78d1921ffe4ff
at sun.reflect.NativeConstructorAccessorImpl.newInstance0(Native Method)
at sun.reflect.NativeConstructorAccessorImpl.newInstance(NativeConstructorAccessorImpl.java:62)
at sun.reflect.DelegatingConstructorAccessorImpl.newInstance(DelegatingConstructorAccessorImpl.java:45)
at java.lang.reflect.Constructor.newInstance(Constructor.java:423)
at org.openqa.selenium.remote.http.W3CHttpResponseCodec.createException(W3CHttpResponseCodec.java:187)
at org.openqa.selenium.remote.http.W3CHttpResponseCodec.decode(W3CHttpResponseCodec.java:122)
at org.openqa.selenium.remote.http.W3CHttpResponseCodec.decode(W3CHttpResponseCodec.java:49)
at org.openqa.selenium.remote.HttpCommandExecutor.execute(HttpCommandExecutor.java:158)
at org.openqa.selenium.remote.service.DriverCommandExecutor.execute(DriverCommandExecutor.java:83)
at org.openqa.selenium.remote.RemoteWebDriver.execute(RemoteWebDriver.java:552)
at org.openqa.selenium.remote.RemoteWebDriver.execute(RemoteWebDriver.java:609)
at org.openqa.selenium.remote.RemoteWebDriver.close(RemoteWebDriver.java:442)
at com.test.BaseTest.tearDown(BaseTest.java:202)
at com.test.BaseTest.afterClass(BaseTest.java:146)
at sun.reflect.NativeMethodAccessorImpl.invoke0(Native Method)
at sun.reflect.NativeMethodAccessorImpl.invoke(NativeMethodAccessorImpl.java:62)
at sun.reflect.DelegatingMethodAccessorImpl.invoke(DelegatingMethodAccessorImpl.java:43)
at java.lang.reflect.Method.invoke(Method.java:498)
at org.testng.internal.MethodInvocationHelper.invokeMethod(MethodInvocationHelper.java:133)
at org.testng.internal.MethodInvocationHelper.invokeMethodConsideringTimeout(MethodInvocationHelper.java:62)
at org.testng.internal.ConfigInvoker.invokeConfigurationMethod(ConfigInvoker.java:340)
at org.testng.internal.ConfigInvoker.invokeConfigurations(ConfigInvoker.java:294)
at org.testng.internal.TestMethodWorker.invokeAfterClassMethods(TestMethodWorker.java:217)
at org.testng.internal.TestMethodWorker.run(TestMethodWorker.java:130)
at java.util.ArrayList.forEach(ArrayList.java:1257)
at org.testng.TestRunner.privateRun(TestRunner.java:770)
at org.testng.TestRunner.run(TestRunner.java:591)
at org.testng.SuiteRunner.runTest(SuiteRunner.java:402)
at org.testng.SuiteRunner.runSequentially(SuiteRunner.java:396)
at org.testng.SuiteRunner.privateRun(SuiteRunner.java:355)
at org.testng.SuiteRunner.run(SuiteRunner.java:304)
at org.testng.SuiteRunnerWorker.runSuite(SuiteRunnerWorker.java:53)
at org.testng.SuiteRunnerWorker.run(SuiteRunnerWorker.java:96)
at org.testng.TestNG.runSuitesSequentially(TestNG.java:1180)
at org.testng.TestNG.runSuitesLocally(TestNG.java:1102)
at org.testng.TestNG.runSuites(TestNG.java:1032)
at org.testng.TestNG.run(TestNG.java:1000)
at org.testng.remote.AbstractRemoteTestNG.run(AbstractRemoteTestNG.java:115)
at org.testng.remote.RemoteTestNG.initAndRun(RemoteTestNG.java:251)
at org.testng.remote.RemoteTestNG.main(RemoteTestNG.java:77)
]]>
    </failure>
  </testcase> <!-- @AfterClass afterClass -->
  <testcase name="test001" time="4.622" classname="com.test.LoginTest"/>
  <testcase name="test011" time="0.005" classname="com.TESTNG.TestNgPra"/>
  <testcase name="test012" time="0.002" classname="com.TESTNG.TestNgPra"/>
  <testcase name="test013" time="0.002" classname="com.TESTNG.TestNgPra"/>
  <testcase name="test014" time="0.001" classname="com.TESTNG.TestNgPra"/>
  <testcase name="test015" time="0.001" classname="com.TESTNG.TestNgPra"/>
  <testcase name="test016" time="0.008" classname="com.TESTNG.TestNgPra"/>
  <testcase name="test017" time="0.004" classname="com.TESTNG.TestNgPra"/>
  <testcase name="test018" time="0.001" classname="com.TESTNG.TestNgPra"/>
  <testcase name="test019" time="0.001" classname="com.TESTNG.TestNgPra"/>
  <testcase name="test020" time="0.001" classname="com.TESTNG.TestNgPra"/>
  <testcase name="test022" time="0.001" classname="com.TESTNG.TestNgPra"/>
  <testcase name="test023" time="0.001" classname="com.TESTNG.TestNgPra"/>
  <testcase name="test024" time="0.001" classname="com.TESTNG.TestNgPra"/>
  <testcase name="test025" time="0.001" classname="com.TESTNG.TestNgPra"/>
  <testcase name="test026" time="0.003" classname="com.TESTNG.TestNgPra"/>
  <testcase name="test027" time="0.001" classname="com.TESTNG.TestNgPra"/>
  <testcase name="test028" time="0.001" classname="com.TESTNG.TestNgPra"/>
  <testcase name="test029" time="0.001" classname="com.TESTNG.TestNgPra"/>
  <testcase name="test030" time="0.001" classname="com.TESTNG.TestNgPra"/>
  <testcase name="test001" time="0.0" classname="com.TESTNG.TestNgPra">
    <ignored/>
  </testcase> <!-- test001 -->
  <testcase name="test003" time="0.0" classname="com.TESTNG.TestNgPra">
    <ignored/>
  </testcase> <!-- test003 -->
  <testcase name="test010" time="0.0" classname="com.TESTNG.TestNgPra">
    <ignored/>
  </testcase> <!-- test010 -->
  <testcase name="test006" time="0.0" classname="com.TESTNG.TestNgPra">
    <ignored/>
  </testcase> <!-- test006 -->
  <testcase name="test009" time="0.0" classname="com.TESTNG.TestNgPra">
    <ignored/>
  </testcase> <!-- test009 -->
  <testcase name="test008" time="0.0" classname="com.TESTNG.TestNgPra">
    <ignored/>
  </testcase> <!-- test008 -->
  <testcase name="test002" time="0.0" classname="com.TESTNG.TestNgPra">
    <ignored/>
  </testcase> <!-- test002 -->
  <testcase name="test005" time="0.0" classname="com.TESTNG.TestNgPra">
    <ignored/>
  </testcase> <!-- test005 -->
  <testcase name="test004" time="0.0" classname="com.TESTNG.TestNgPra">
    <ignored/>
  </testcase> <!-- test004 -->
  <testcase name="test007" time="0.0" classname="com.TESTNG.TestNgPra">
    <ignored/>
  </testcase> <!-- test007 -->
</testsuite> <!-- Test the TESTNG things(failed) -->
